<?xml version="1.0" encoding="UTF-8"?>
<testsuite name="org.gradle.SmartPhoneTest" tests="3" skipped="0" failures="0" errors="0" timestamp="2014-12-11T10:54:17" hostname="mpws00145" time="0.062">
  <properties/>
  <testcase name="testPhone" classname="org.gradle.SmartPhoneTest" time="0.062"/>
  <testcase name="testPhoneFail" classname="org.gradle.SmartPhoneTest" time="0.0"/>
  <testcase name="testCamera" classname="org.gradle.SmartPhoneTest" time="0.0"/>
  <system-out><![CDATA[]]></system-out>
  <system-err><![CDATA[]]></system-err>
</testsuite>
